[2021-05-05 13:36:40] [INFO   ] Programm started 
[2021-05-05 13:36:41] [INFO   ] Database connected 
[2021-05-05 13:38:06] [SEVERE ] Local interface of signature isn't initialized with profile - 08_FOIV. Error code - e0700003 
[2021-05-05 13:38:06] [INFO   ] Work on process start 
[2021-05-05 13:38:06] [INFO   ] Verify parameters are set 
[2021-05-05 13:38:06] [INFO   ] Work on process start 
[2021-05-05 13:38:06] [INFO   ] Verify parameters are set 
[2021-05-05 13:38:06] [INFO   ] Work on process start 
[2021-05-05 13:38:06] [INFO   ] Verify parameters are set 
[2021-05-05 13:38:06] [SEVERE ] Local interface of signature isn't initialized with profile - 08_FOIV. Error code - e0700003 
[2021-05-05 13:38:06] [SEVERE ] Local interface of signature isn't initialized with profile - 08_FOIV. Error code - e0700003 
[2021-05-05 13:38:06] [SEVERE ] Local interface of signature isn't initialized with profile - 08_FOIV. Error code - e0700003 
[2021-05-05 13:38:47] [SEVERE ] Local interface of signature isn't initialized with profile - 08_FOIV. Error code - e0700003 
[2021-05-05 13:38:47] [INFO   ] Work on process start 
[2021-05-05 13:38:47] [INFO   ] Verify parameters are set 
[2021-05-05 13:38:47] [INFO   ] Work on process start 
[2021-05-05 13:38:47] [INFO   ] Verify parameters are set 
[2021-05-05 13:38:47] [INFO   ] Work on process start 
[2021-05-05 13:38:47] [INFO   ] Verify parameters are set 
[2021-05-05 13:38:47] [SEVERE ] Local interface of signature isn't initialized with profile - 08_FOIV. Error code - e0700003 
[2021-05-05 13:38:47] [SEVERE ] Local interface of signature isn't initialized with profile - 08_FOIV. Error code - e0700003 
[2021-05-05 13:38:47] [SEVERE ] Local interface of signature isn't initialized with profile - 08_FOIV. Error code - e0700003 
[2021-05-05 13:38:57] [INFO   ] Programm started 
[2021-05-05 13:38:58] [INFO   ] Database connected 
[2021-05-05 13:47:00] [SEVERE ] Local interface of signature isn't initialized with profile - 08_FOIV. Error code - e0700003 
[2021-05-05 13:47:00] [INFO   ] Work on process start 
[2021-05-05 13:47:00] [INFO   ] Verify parameters are set 
[2021-05-05 13:47:00] [INFO   ] Work on process start 
[2021-05-05 13:47:00] [INFO   ] Verify parameters are set 
[2021-05-05 13:47:00] [INFO   ] Work on process start 
[2021-05-05 13:47:00] [INFO   ] Verify parameters are set 
[2021-05-05 13:47:00] [SEVERE ] Local interface of signature isn't initialized with profile - 08_FOIV. Error code - e0700003 
[2021-05-05 13:47:00] [SEVERE ] Local interface of signature isn't initialized with profile - 08_FOIV. Error code - e0700003 
[2021-05-05 13:47:00] [SEVERE ] Local interface of signature isn't initialized with profile - 08_FOIV. Error code - e0700003 
[2021-05-05 13:47:34] [SEVERE ] Local interface of signature isn't initialized with profile - 08_FOIV. Error code - e0700003 
[2021-05-05 13:47:34] [INFO   ] Work on process start 
[2021-05-05 13:47:34] [INFO   ] Verify parameters are set 
[2021-05-05 13:47:34] [INFO   ] Work on process start 
[2021-05-05 13:47:34] [INFO   ] Verify parameters are set 
[2021-05-05 13:47:34] [INFO   ] Work on process start 
[2021-05-05 13:47:34] [INFO   ] Verify parameters are set 
[2021-05-05 13:48:53] [SEVERE ] Local interface of signature isn't initialized with profile - 08_FOIV. Error code - e0700003 
[2021-05-05 13:48:53] [SEVERE ] Local interface of signature isn't initialized with profile - 08_FOIV. Error code - e0700003 
[2021-05-05 13:48:53] [SEVERE ] Local interface of signature isn't initialized with profile - 08_FOIV. Error code - e0700003 
[2021-05-05 13:49:09] [SEVERE ] Local interface of signature isn't initialized with profile - 08_FOIV. Error code - e0700003 
[2021-05-05 13:49:09] [INFO   ] Work on process start 
[2021-05-05 13:49:09] [INFO   ] Verify parameters are set 
[2021-05-05 13:49:09] [INFO   ] Work on process start 
[2021-05-05 13:49:09] [INFO   ] Verify parameters are set 
[2021-05-05 13:49:09] [INFO   ] Work on process start 
[2021-05-05 13:49:09] [INFO   ] Verify parameters are set 
[2021-05-05 13:51:18] [INFO   ] Programm started 
[2021-05-05 13:51:19] [INFO   ] Database connected 
[2021-05-05 13:52:09] [SEVERE ] Local interface of signature isn't initialized with profile - 08_FOIV. Error code - e0700003 
[2021-05-05 13:52:09] [INFO   ] Work on process start 
[2021-05-05 13:52:09] [INFO   ] Verify parameters are set 
[2021-05-05 13:52:09] [INFO   ] Work on process start 
[2021-05-05 13:52:09] [INFO   ] Verify parameters are set 
[2021-05-05 13:52:09] [INFO   ] Work on process start 
[2021-05-05 13:52:09] [INFO   ] Verify parameters are set 
[2021-05-05 13:52:18] [INFO   ] Programm started 
[2021-05-05 13:52:19] [INFO   ] Database connected 
[2021-05-05 13:52:31] [SEVERE ] Local interface of signature isn't initialized with profile - 08_FOIV. Error code - e0700003 
[2021-05-05 13:52:38] [INFO   ] Work on process start 
[2021-05-05 13:52:38] [INFO   ] Verify parameters are set 
[2021-05-05 13:52:39] [INFO   ] Work on process start 
[2021-05-05 13:52:39] [INFO   ] Verify parameters are set 
[2021-05-05 13:52:39] [INFO   ] Work on process start 
[2021-05-05 13:52:39] [INFO   ] Verify parameters are set 
[2021-05-05 13:55:38] [INFO   ] Programm started 
[2021-05-05 13:55:39] [INFO   ] Database connected 
[2021-05-05 13:59:41] [SEVERE ] Local interface of signature isn't initialized with profile - 08_FOIV. Error code - e0700003 
[2021-05-05 13:59:41] [INFO   ] Work on process start 
[2021-05-05 13:59:41] [INFO   ] Verify parameters are set 
[2021-05-05 14:04:05] [INFO   ] Programm started 
[2021-05-05 14:04:06] [INFO   ] Database connected 
[2021-05-05 14:14:34] [INFO   ] Programm started 
[2021-05-05 14:14:34] [INFO   ] Database connected 
[2021-05-05 14:26:10] [INFO   ] Programm started 
[2021-05-05 14:26:10] [INFO   ] Database connected 
[2021-05-05 14:27:08] [SEVERE ] Local interface of signature isn't initialized with profile - 06_FOIV. Error code - e0700003 
[2021-05-05 14:27:08] [INFO   ] Work on process start 
[2021-05-05 14:27:08] [INFO   ] Verify parameters are set 
[2021-05-05 15:22:16] [SEVERE ] Local interface of signature isn't initialized with profile - 06_FOIV. Error code - e0700003 
[2021-05-05 15:22:16] [INFO   ] Work on process start 
[2021-05-05 15:22:16] [INFO   ] Verify parameters are set 
[2021-05-05 15:22:27] [INFO   ] Programm started 
[2021-05-05 15:22:28] [INFO   ] Database connected 
[2021-05-05 15:23:07] [SEVERE ] Local interface of signature isn't initialized with profile - 06_FOIV. Error code - e0700003 
[2021-05-05 15:23:07] [INFO   ] Work on process start 
[2021-05-05 15:23:07] [INFO   ] Verify parameters are set 
[2021-05-05 15:25:36] [SEVERE ] Local interface of signature isn't initialized with profile - 06_FOIV. Error code - e0700003 
[2021-05-05 15:25:36] [INFO   ] Work on process start 
[2021-05-05 15:25:36] [INFO   ] Verify parameters are set 
[2021-05-05 15:26:57] [INFO   ] Local interface of signature is initialized with profile - 06-FOIV 
[2021-05-05 15:26:57] [INFO   ] Work on process start 
[2021-05-05 15:26:57] [INFO   ] Verify parameters are set 
[2021-05-05 15:33:38] [INFO   ] Programm started 
[2021-05-05 15:33:39] [INFO   ] Database connected 
[2021-05-05 15:33:59] [INFO   ] Local interface of signature is initialized with profile - 06-FOIV 
[2021-05-05 15:33:59] [INFO   ] Work on process start 
[2021-05-05 15:33:59] [INFO   ] Verify parameters are set 
[2021-05-05 15:33:59] [INFO   ] Local interface of signature is initialized with profile - 06-FOIV 
[2021-05-05 15:33:59] [INFO   ] Local interface of signature is initialized with profile - 06-FOIV 
[2021-05-05 15:33:59] [INFO   ] Work on process start 
[2021-05-05 15:33:59] [INFO   ] Decrypt parameters are set 
[2021-05-05 15:33:59] [INFO   ] Work on process start 
[2021-05-05 15:33:59] [INFO   ] Decrypt parameters are set 
[2021-05-05 15:34:03] [INFO   ] Local interface Signatura unloads successfull 
[2021-05-05 15:34:03] [INFO   ] Local interface of signature is initialized with profile - 06-FOIV 
[2021-05-05 15:34:03] [INFO   ] Work on process start 
[2021-05-05 15:34:03] [INFO   ] Verify parameters are set 
[2021-05-05 15:35:58] [INFO   ] Local interface of signature is initialized with profile - 06-FOIV 
[2021-05-05 15:35:58] [INFO   ] Work on process start 
[2021-05-05 15:35:58] [INFO   ] Verify parameters are set 
[2021-05-05 15:36:24] [INFO   ] Local interface of signature is initialized with profile - 06-FOIV 
[2021-05-05 15:38:14] [INFO   ] Local interface of signature is initialized with profile - 06-FOIV 
[2021-05-05 15:38:14] [INFO   ] Work on process start 
[2021-05-05 15:38:14] [INFO   ] Decrypt parameters are set 
[2021-05-05 15:38:14] [INFO   ] Local interface Signatura unloads successfull 
[2021-05-05 15:38:15] [INFO   ] Local interface of signature is initialized with profile - 06-FOIV 
[2021-05-05 15:38:15] [INFO   ] Work on process start 
[2021-05-05 15:38:15] [INFO   ] Verify parameters are set 
[2021-05-05 15:39:12] [INFO   ] Local interface of signature is initialized with profile - 06-FOIV 
[2021-05-05 15:39:12] [INFO   ] Work on process start 
[2021-05-05 15:39:12] [INFO   ] Verify parameters are set 
[2021-05-05 15:39:41] [INFO   ] Local interface of signature is initialized with profile - 06-FOIV 
[2021-05-05 15:40:02] [INFO   ] Local interface of signature is initialized with profile - 06-FOIV 
[2021-05-05 15:40:02] [INFO   ] Work on process start 
[2021-05-05 15:40:02] [INFO   ] Decrypt parameters are set 
[2021-05-05 15:40:02] [INFO   ] Work on process start 
[2021-05-05 15:40:02] [INFO   ] Decrypt parameters are set 
[2021-05-05 15:40:02] [INFO   ] Local interface Signatura unloads successfull 
[2021-05-05 15:40:15] [INFO   ] Local interface of signature is initialized with profile - 06-FOIV 
[2021-05-05 15:40:15] [INFO   ] Work on process start 
[2021-05-05 15:40:15] [INFO   ] Verify parameters are set 
[2021-05-05 15:44:52] [INFO   ] Local interface of signature is initialized with profile - 06-FOIV 
[2021-05-05 15:44:52] [INFO   ] Work on process start 
[2021-05-05 15:44:52] [INFO   ] Verify parameters are set 
[2021-05-05 15:45:01] [INFO   ] Local interface of signature is initialized with profile - 06-FOIV 
[2021-05-06 12:56:27] [INFO   ] Local interface of signature is initialized with profile - 06-FOIV 
[2021-05-06 12:57:31] [INFO   ] Work on process start 
[2021-05-06 12:57:31] [INFO   ] Decrypt parameters are set 
[2021-05-06 12:57:31] [INFO   ] Work on process start 
[2021-05-06 12:57:31] [INFO   ] Decrypt parameters are set 
[2021-05-06 12:58:32] [INFO   ] Local interface Signatura unloads successfull 
[2021-05-06 13:43:39] [INFO   ] Programm started 
[2021-05-06 13:43:39] [INFO   ] Database connected 
[2021-05-06 13:45:16] [INFO   ] Local interface of signature is initialized with profile - 06-FOIV 
[2021-05-06 13:45:16] [INFO   ] Work on process start 
[2021-05-06 13:45:16] [INFO   ] Verify parameters are set 
[2021-05-06 13:45:23] [INFO   ] Local interface of signature is initialized with profile - 06-FOIV 
[2021-05-06 13:45:24] [INFO   ] Local interface of signature is initialized with profile - 06-FOIV 
[2021-05-06 13:45:24] [INFO   ] Work on process start 
[2021-05-06 13:45:24] [INFO   ] Decrypt parameters are set 
[2021-05-06 13:45:24] [INFO   ] Work on process start 
[2021-05-06 13:45:24] [INFO   ] Decrypt parameters are set 
[2021-05-06 13:45:28] [INFO   ] Local interface of signature is initialized with profile - 06-FOIV 
[2021-05-06 13:45:28] [INFO   ] Work on process start 
[2021-05-06 13:45:28] [INFO   ] Verify parameters are set 
[2021-05-06 13:45:28] [INFO   ] Work on process start 
[2021-05-06 13:45:28] [INFO   ] Verify parameters are set 
